08:30:14.989 INFO  base.CustomDriver getByType -Found byType :linkText=>destination of the week! The Beach!
08:30:15.055 INFO  base.CustomDriver getElement -Found element: linkText=>destination of the week! The Beach!
08:30:15.136 INFO  base.CustomDriver getByType -Found byType :linkText=>destination of the week! The Beach!
08:30:15.164 INFO  base.CustomDriver getElement -Found element: linkText=>destination of the week! The Beach!
08:30:15.730 INFO  base.CustomDriver elementClick -Clicked element
08:30:16.446 INFO  base.Checklist clearHashMap -Clearing result Hashmap
08:30:16.450 INFO  base.CustomDriver getByType -Found byType :name=>fromPort
08:30:16.477 INFO  base.CustomDriver getElement -Found element: name=>fromPort
08:30:16.555 INFO  base.CustomDriver elementClick -Clicked element
08:30:16.556 INFO  base.CustomDriver getByType -Found byType :name=>fromPort
08:30:16.588 INFO  base.CustomDriver getElement -Found element: name=>fromPort
08:30:16.621 INFO  base.CustomDriver waitForElement -Waiting for element presence: [[ChromeDriver: chrome on WINDOWS (2736edb402462e872e30c598cba519ef)] -> name: fromPort]
08:30:16.653 INFO  base.CustomDriver waitForElement -Wait is over for element: [[ChromeDriver: chrome on WINDOWS (2736edb402462e872e30c598cba519ef)] -> name: fromPort]
08:30:16.774 INFO  base.CustomDriver getByType -Found byType :name=>toPort
08:30:16.795 INFO  base.CustomDriver getElement -Found element: name=>toPort
08:30:16.889 INFO  base.CustomDriver elementClick -Clicked element
08:30:16.890 INFO  base.CustomDriver getByType -Found byType :name=>toPort
08:30:16.906 INFO  base.CustomDriver getElement -Found element: name=>toPort
08:30:16.925 INFO  base.CustomDriver waitForElement -Waiting for element presence: [[ChromeDriver: chrome on WINDOWS (2736edb402462e872e30c598cba519ef)] -> name: toPort]
08:30:16.947 INFO  base.CustomDriver waitForElement -Wait is over for element: [[ChromeDriver: chrome on WINDOWS (2736edb402462e872e30c598cba519ef)] -> name: toPort]
08:30:17.037 INFO  base.CustomDriver getByType -Found byType :cssSelector=>input
08:30:17.037 INFO  base.CustomDriver waitClick -Waiting for element to be clickable: cssSelector=>input
08:30:17.090 INFO  base.CustomDriver waitClick -Wait is over for element: cssSelector=>input
08:30:17.106 INFO  base.CustomDriver getElement -Found element: By.cssSelector: input
08:30:17.610 INFO  base.CustomDriver waitClick -Clicked element
08:30:17.617 INFO  base.CustomDriver getByType -Found byType :xpath=>//tbody/tr[1]/td[6]
08:30:22.427 INFO  base.CustomDriver getElement -Found element: xpath=>//tbody/tr[1]/td[6]
08:30:22.465 INFO  base.CustomDriver getByType -Found byType :xpath=>//tbody/tr[2]/td[6]
08:30:22.494 INFO  base.CustomDriver getElement -Found element: xpath=>//tbody/tr[2]/td[6]
08:30:22.514 INFO  base.CustomDriver getByType -Found byType :xpath=>//tbody/tr[3]/td[6]
08:30:22.543 INFO  base.CustomDriver getElement -Found element: xpath=>//tbody/tr[3]/td[6]
08:30:22.563 INFO  base.CustomDriver getByType -Found byType :xpath=>//tbody/tr[4]/td[6]
08:30:22.595 INFO  base.CustomDriver getElement -Found element: xpath=>//tbody/tr[4]/td[6]
08:30:22.611 INFO  base.CustomDriver getByType -Found byType :xpath=>//tbody/tr[5]/td[6]
08:30:22.633 INFO  base.CustomDriver getElement -Found element: xpath=>//tbody/tr[5]/td[6]
08:30:22.648 INFO  base.CustomDriver getByType -Found byType :xpath=>//tbody/tr[3]/td[1]/input
08:30:22.670 INFO  base.CustomDriver getElement -Found element: xpath=>//tbody/tr[3]/td[1]/input
08:30:23.629 INFO  base.CustomDriver elementClick -Clicked element
08:30:23.644 INFO  base.Checklist setStatus -Purchase is open=>Pass
08:30:23.644 INFO  base.CustomDriver getByType -Found byType :xpath=>//div[@class='container']/p[5]
08:30:23.676 INFO  base.CustomDriver getElement -Found element: xpath=>//div[@class='container']/p[5]
08:30:23.724 INFO  base.CustomDriver getByType -Found byType :cssSelector=>em
08:30:23.755 INFO  base.CustomDriver getElement -Found element: cssSelector=>em
08:30:23.790 INFO  base.Checklist setStatus -Total cost present and correct formata=>Pass
08:30:23.790 INFO  base.Checklist markFinal -Test Method Successful
08:30:23.792 INFO  base.Checklist markFinal -Test Method Successful
08:30:23.813 INFO  base.Checklist clearHashMap -Clearing result Hashmap
08:30:23.818 INFO  base.CustomDriver getByType -Found byType :cssSelector=>[type='submit']
08:30:23.847 INFO  base.CustomDriver getElement -Found element: cssSelector=>[type='submit']
08:30:24.859 INFO  base.CustomDriver elementClick -Clicked element
08:30:24.885 INFO  base.CustomDriver getByType -Found byType :xpath//tr[1]/td[2]
08:30:24.886 ERROR base.CustomDriver getElement -Found null byType
08:30:24.886 ERROR base.CustomDriver getElement -Unable to getElement : xpath//tr[1]/td[2]
08:30:24.887 ERROR base.CustomDriver getElement -Locator must be set
08:30:24.943 INFO  base.Checklist clearHashMap -Clearing result Hashmap
